Removed Pin From Net: NetName=GND Pin=C10-1
Removed Pin From Net: NetName=PB13 Pin=C10-2
Removed Pin From Net: NetName=GND Pin=C11-1
Removed Pin From Net: NetName=PB10 Pin=C11-2
Removed Pin From Net: NetName=GND Pin=C12-1
Removed Pin From Net: NetName=PB11 Pin=C12-2
Removed Pin From Net: NetName=GND Pin=C13-1
Removed Pin From Net: NetName=PB12 Pin=C13-2
Removed Pin From Net: NetName=PB10 Pin=J13-1
Removed Pin From Net: NetName=PB11 Pin=J15-1
Removed Pin From Net: NetName=PB10 Pin=R3-1
Removed Pin From Net: NetName=PB11 Pin=R4-1
Removed Member From Class: ClassName=Schematic Member=C10
Removed Member From Class: ClassName=Schematic Member=C11
Removed Member From Class: ClassName=Schematic Member=C12
Removed Member From Class: ClassName=Schematic Member=C13
Added Component: Designator=C?(HDR4)
Add component (AddParameter): Name = "ComponentLink1 Description"; Value = "Manufacturer"; VariantName = "[No Variations]"
Add component (AddParameter): Name = "ComponentLink1URL"; Value = "http://www.we-online.com"; VariantName = "[No Variations]"
Add component (AddParameter): Name = "ComponentLink2 Description"; Value = "Datasheet"; VariantName = "[No Variations]"
Add component (AddParameter): Name = "ComponentLink2URL"; Value = "http://katalog.we-online.de/em/datasheet/6130xx143121.pdf"; VariantName = "[No Variations]"
Add component (AddParameter): Name = "Created by"; Value = "Karrer Zheng"; VariantName = "[No Variations]"
Add component (AddParameter): Name = "Created Date"; Value = "29 March 2013"; VariantName = "[No Variations]"
Add component (AddParameter): Name = "Manufacturer"; Value = "W¨¹rth Elektronik eiSos GmbH"; VariantName = "[No Variations]"
Add component (AddParameter): Name = "NoPins"; Value = "02"; VariantName = "[No Variations]"
Add component (AddParameter): Name = "partNo"; Value = "613002143121"; VariantName = "[No Variations]"
Added Pin To Net: NetName=GND Pin=C?-1
Added Pin To Net: NetName=+5V Pin=C?-2
Added Pin To Net: NetName=PB11 Pin=C?-3
Added Pin To Net: NetName=PB10 Pin=C?-4
Added Pin To Net: NetName=PB14 Pin=J13-1
Added Pin To Net: NetName=PB14 Pin=R3-1
Added Pin To Net: NetName=PB14 Pin=U3-3
Added Net: Name=PB14
Added Pin To Net: NetName=PB15 Pin=J15-1
Added Pin To Net: NetName=PB15 Pin=R4-1
Added Pin To Net: NetName=PB15 Pin=U3-4
Added Net: Name=PB15
Added Member To Class: ClassName=Schematic Member=Component C? Header4
Added Room: Name=Schematic
